[2024-09-30 19:36:37.712] [3156] [HailoRT] [info] [device.cpp:46] [Device] OS Version: Linux 6.6.47+rpt-rpi-2712 #1 SMP PREEMPT Debian 1:6.6.47-1+rpt1 (2024-09-02) aarch64
[2024-09-30 19:36:37.712] [3156] [HailoRT] [info] [control.cpp:100] [control__parse_identify_results] firmware_version is: 4.18.0
[2024-09-30 19:36:37.715] [3156] [HailoRT] [info] [vdevice.cpp:652] [create] VDevice Infos: 0000:01:00.0
[2024-09-30 19:36:37.941] [3156] [HailoRT] [info] [hef.cpp:1844] [get_network_group_and_network_name] No name was given. Addressing all networks of default network_group: yolov6n
[2024-09-30 19:36:37.941] [3156] [HailoRT] [info] [hef.cpp:1844] [get_network_group_and_network_name] No name was given. Addressing all networks of default network_group: yolov6n
[2024-09-30 19:36:38.363] [3156] [HailoRT] [info] [internal_buffer_manager.cpp:202] [print_execution_results] Default Internal buffer planner failed to meet requirements
[2024-09-30 19:36:38.363] [3156] [HailoRT] [info] [internal_buffer_manager.cpp:212] [print_execution_results] Default Internal buffer planner executed successfully
[2024-09-30 19:36:38.367] [3156] [HailoRT] [info] [device_internal.cpp:57] [configure] Configuring HEF took 10.835002 milliseconds
[2024-09-30 19:36:38.367] [3156] [HailoRT] [info] [vdevice.cpp:751] [configure] Configuring HEF on VDevice took 11.555689 milliseconds
[2024-09-30 19:36:38.370] [3156] [HailoRT] [info] [multi_io_elements.cpp:780] [create] Created (AsyncHwEl)
[2024-09-30 19:36:38.371] [3156] [HailoRT] [info] [queue_elements.cpp:420] [create] Created (EntryPushQEl0yolov6n/input_layer1 | timeout: 10s)
[2024-09-30 19:36:38.371] [3156] [HailoRT] [info] [filter_elements.cpp:101] [create] Created (PreInferEl3yolov6n/input_layer1 | Reorder - src_order: RGB4, src_shape: (640, 640, 3), dst_order: NHCW, dst_shape: (640, 640, 3))
[2024-09-30 19:36:38.371] [3156] [HailoRT] [info] [queue_elements.cpp:420] [create] Created (PushQEl3yolov6n/input_layer1 | timeout: 10s)
[2024-09-30 19:36:38.371] [3156] [HailoRT] [info] [multi_io_elements.cpp:159] [create] Created (NmsPPMuxEl0YOLOX-Post-Process | Op YOLOX, Name: YOLOX-Post-Process, Score threshold: 0.300, IoU threshold: 0.45, Classes: 80, Cross classes: false, Max bboxes per class: 100, Image height: 640, Image width: 640)
[2024-09-30 19:36:38.371] [3156] [HailoRT] [info] [queue_elements.cpp:420] [create] Created (PushQEl_nms2yolov6n/conv36_70 | timeout: 10s)
[2024-09-30 19:36:38.371] [3156] [HailoRT] [info] [queue_elements.cpp:420] [create] Created (PushQEl_nms1yolov6n/conv37_70 | timeout: 10s)
[2024-09-30 19:36:38.371] [3156] [HailoRT] [info] [queue_elements.cpp:420] [create] Created (PushQEl_nms0yolov6n/conv38_70 | timeout: 10s)
[2024-09-30 19:36:38.371] [3156] [HailoRT] [info] [queue_elements.cpp:420] [create] Created (PushQEl_nms9yolov6n/conv47_70 | timeout: 10s)
[2024-09-30 19:36:38.371] [3156] [HailoRT] [info] [queue_elements.cpp:420] [create] Created (PushQEl_nms6yolov6n/conv48_70 | timeout: 10s)
[2024-09-30 19:36:38.371] [3156] [HailoRT] [info] [queue_elements.cpp:420] [create] Created (PushQEl_nms7yolov6n/conv49_70 | timeout: 10s)
[2024-09-30 19:36:38.371] [3156] [HailoRT] [info] [queue_elements.cpp:420] [create] Created (PushQEl_nms4yolov6n/conv57_70 | timeout: 10s)
[2024-09-30 19:36:38.371] [3156] [HailoRT] [info] [queue_elements.cpp:420] [create] Created (PushQEl_nms8yolov6n/conv58_70 | timeout: 10s)
[2024-09-30 19:36:38.371] [3156] [HailoRT] [info] [queue_elements.cpp:420] [create] Created (PushQEl_nms5yolov6n/conv59_70 | timeout: 10s)
[2024-09-30 19:36:38.371] [3156] [HailoRT] [info] [edge_elements.cpp:187] [create] Created (LastAsyncEl0NmsPPMuxEl0YOLOX-Post-Process)
[2024-09-30 19:36:38.372] [3156] [HailoRT] [info] [pipeline.cpp:872] [print_deep_description] EntryPushQEl0yolov6n/input_layer1 | inputs: user | outputs: PreInferEl3yolov6n/input_layer1
[2024-09-30 19:36:38.372] [3156] [HailoRT] [info] [pipeline.cpp:872] [print_deep_description] PreInferEl3yolov6n/input_layer1 | inputs: EntryPushQEl0yolov6n/input_layer1 | outputs: PushQEl3yolov6n/input_layer1
[2024-09-30 19:36:38.372] [3156] [HailoRT] [info] [pipeline.cpp:872] [print_deep_description] PushQEl3yolov6n/input_layer1 | inputs: PreInferEl3yolov6n/input_layer1 | outputs: AsyncHwEl
[2024-09-30 19:36:38.372] [3156] [HailoRT] [info] [pipeline.cpp:872] [print_deep_description] AsyncHwEl | inputs: PushQEl3yolov6n/input_layer1 | outputs: PushQEl_nms8yolov6n/conv58_70 PushQEl_nms7yolov6n/conv49_70 PushQEl_nms4yolov6n/conv57_70 PushQEl_nms6yolov6n/conv48_70 PushQEl_nms2yolov6n/conv36_70 PushQEl_nms5yolov6n/conv59_70 PushQEl_nms1yolov6n/conv37_70 PushQEl_nms9yolov6n/conv47_70 PushQEl_nms0yolov6n/conv38_70
[2024-09-30 19:36:38.372] [3156] [HailoRT] [info] [pipeline.cpp:872] [print_deep_description] PushQEl_nms8yolov6n/conv58_70 | inputs: AsyncHwEl | outputs: NmsPPMuxEl0YOLOX-Post-Process
[2024-09-30 19:36:38.372] [3156] [HailoRT] [info] [pipeline.cpp:872] [print_deep_description] NmsPPMuxEl0YOLOX-Post-Process | inputs: PushQEl_nms2yolov6n/conv36_70 PushQEl_nms1yolov6n/conv37_70 PushQEl_nms0yolov6n/conv38_70 PushQEl_nms9yolov6n/conv47_70 PushQEl_nms6yolov6n/conv48_70 PushQEl_nms7yolov6n/conv49_70 PushQEl_nms4yolov6n/conv57_70 PushQEl_nms8yolov6n/conv58_70 PushQEl_nms5yolov6n/conv59_70 | outputs: LastAsyncEl0NmsPPMuxEl0YOLOX-Post-Process
[2024-09-30 19:36:38.372] [3156] [HailoRT] [info] [pipeline.cpp:872] [print_deep_description] LastAsyncEl0NmsPPMuxEl0YOLOX-Post-Process | inputs: NmsPPMuxEl0YOLOX-Post-Process | outputs: user
[2024-09-30 19:36:38.372] [3156] [HailoRT] [info] [pipeline.cpp:872] [print_deep_description] PushQEl_nms7yolov6n/conv49_70 | inputs: AsyncHwEl | outputs: NmsPPMuxEl0YOLOX-Post-Process
[2024-09-30 19:36:38.372] [3156] [HailoRT] [info] [pipeline.cpp:872] [print_deep_description] PushQEl_nms4yolov6n/conv57_70 | inputs: AsyncHwEl | outputs: NmsPPMuxEl0YOLOX-Post-Process
[2024-09-30 19:36:38.372] [3156] [HailoRT] [info] [pipeline.cpp:872] [print_deep_description] PushQEl_nms6yolov6n/conv48_70 | inputs: AsyncHwEl | outputs: NmsPPMuxEl0YOLOX-Post-Process
[2024-09-30 19:36:38.372] [3156] [HailoRT] [info] [pipeline.cpp:872] [print_deep_description] PushQEl_nms2yolov6n/conv36_70 | inputs: AsyncHwEl | outputs: NmsPPMuxEl0YOLOX-Post-Process
[2024-09-30 19:36:38.372] [3156] [HailoRT] [info] [pipeline.cpp:872] [print_deep_description] PushQEl_nms5yolov6n/conv59_70 | inputs: AsyncHwEl | outputs: NmsPPMuxEl0YOLOX-Post-Process
[2024-09-30 19:36:38.372] [3156] [HailoRT] [info] [pipeline.cpp:872] [print_deep_description] PushQEl_nms1yolov6n/conv37_70 | inputs: AsyncHwEl | outputs: NmsPPMuxEl0YOLOX-Post-Process
[2024-09-30 19:36:38.372] [3156] [HailoRT] [info] [pipeline.cpp:872] [print_deep_description] PushQEl_nms9yolov6n/conv47_70 | inputs: AsyncHwEl | outputs: NmsPPMuxEl0YOLOX-Post-Process
[2024-09-30 19:36:38.372] [3156] [HailoRT] [info] [pipeline.cpp:872] [print_deep_description] PushQEl_nms0yolov6n/conv38_70 | inputs: AsyncHwEl | outputs: NmsPPMuxEl0YOLOX-Post-Process
[2024-09-30 19:36:38.760] [3191] [HailoRT] [info] [hef.cpp:1844] [get_network_group_and_network_name] No name was given. Addressing all networks of default network_group: yolov6n
[2024-09-30 19:38:06.855] [3156] [HailoRT] [info] [async_infer_runner.cpp:86] [shutdown] Pipeline was aborted. Shutting it down
[2024-09-30 19:38:06.856] [3156] [HailoRT] [info] [queue_elements.cpp:527] [execute_deactivate] enqueue() in element PushQEl_nms8yolov6n/conv58_70 was aborted, got status = HAILO_SHUTDOWN_EVENT_SIGNALED(57)
[2024-09-30 19:38:06.856] [3156] [HailoRT] [info] [queue_elements.cpp:527] [execute_deactivate] enqueue() in element PushQEl_nms7yolov6n/conv49_70 was aborted, got status = HAILO_SHUTDOWN_EVENT_SIGNALED(57)
[2024-09-30 19:38:06.856] [3156] [HailoRT] [info] [queue_elements.cpp:527] [execute_deactivate] enqueue() in element PushQEl_nms4yolov6n/conv57_70 was aborted, got status = HAILO_SHUTDOWN_EVENT_SIGNALED(57)
[2024-09-30 19:38:06.856] [3156] [HailoRT] [info] [queue_elements.cpp:527] [execute_deactivate] enqueue() in element PushQEl_nms6yolov6n/conv48_70 was aborted, got status = HAILO_SHUTDOWN_EVENT_SIGNALED(57)
[2024-09-30 19:38:06.856] [3156] [HailoRT] [info] [queue_elements.cpp:527] [execute_deactivate] enqueue() in element PushQEl_nms2yolov6n/conv36_70 was aborted, got status = HAILO_SHUTDOWN_EVENT_SIGNALED(57)
[2024-09-30 19:38:06.856] [3156] [HailoRT] [info] [queue_elements.cpp:527] [execute_deactivate] enqueue() in element PushQEl_nms5yolov6n/conv59_70 was aborted, got status = HAILO_SHUTDOWN_EVENT_SIGNALED(57)
[2024-09-30 19:38:06.856] [3156] [HailoRT] [info] [queue_elements.cpp:527] [execute_deactivate] enqueue() in element PushQEl_nms1yolov6n/conv37_70 was aborted, got status = HAILO_SHUTDOWN_EVENT_SIGNALED(57)
[2024-09-30 19:38:06.856] [3156] [HailoRT] [info] [queue_elements.cpp:527] [execute_deactivate] enqueue() in element PushQEl_nms9yolov6n/conv47_70 was aborted, got status = HAILO_SHUTDOWN_EVENT_SIGNALED(57)
[2024-09-30 19:38:06.856] [3156] [HailoRT] [info] [queue_elements.cpp:527] [execute_deactivate] enqueue() in element PushQEl_nms0yolov6n/conv38_70 was aborted, got status = HAILO_SHUTDOWN_EVENT_SIGNALED(57)
[2024-09-30 19:38:06.856] [3156] [HailoRT] [info] [queue_elements.cpp:527] [execute_deactivate] enqueue() in element PushQEl3yolov6n/input_layer1 was aborted, got status = HAILO_SHUTDOWN_EVENT_SIGNALED(57)
[2024-09-30 19:38:06.856] [3156] [HailoRT] [info] [queue_elements.cpp:527] [execute_deactivate] enqueue() in element EntryPushQEl0yolov6n/input_layer1 was aborted, got status = HAILO_SHUTDOWN_EVENT_SIGNALED(57)
[2024-09-30 19:38:06.856] [3156] [HailoRT] [info] [queue_elements.cpp:43] [~BaseQueueElement] Queue element EntryPushQEl0yolov6n/input_layer1 has 0 frames in his Queue on destruction
[2024-09-30 19:38:06.856] [3156] [HailoRT] [info] [queue_elements.cpp:43] [~BaseQueueElement] Queue element PushQEl3yolov6n/input_layer1 has 0 frames in his Queue on destruction
[2024-09-30 19:38:06.857] [3156] [HailoRT] [info] [queue_elements.cpp:43] [~BaseQueueElement] Queue element PushQEl_nms2yolov6n/conv36_70 has 0 frames in his Queue on destruction
[2024-09-30 19:38:06.857] [3156] [HailoRT] [info] [queue_elements.cpp:43] [~BaseQueueElement] Queue element PushQEl_nms1yolov6n/conv37_70 has 0 frames in his Queue on destruction
[2024-09-30 19:38:06.857] [3156] [HailoRT] [info] [queue_elements.cpp:43] [~BaseQueueElement] Queue element PushQEl_nms0yolov6n/conv38_70 has 0 frames in his Queue on destruction
[2024-09-30 19:38:06.857] [3156] [HailoRT] [info] [queue_elements.cpp:43] [~BaseQueueElement] Queue element PushQEl_nms9yolov6n/conv47_70 has 0 frames in his Queue on destruction
[2024-09-30 19:38:06.857] [3156] [HailoRT] [info] [queue_elements.cpp:43] [~BaseQueueElement] Queue element PushQEl_nms6yolov6n/conv48_70 has 0 frames in his Queue on destruction
[2024-09-30 19:38:06.857] [3156] [HailoRT] [info] [queue_elements.cpp:43] [~BaseQueueElement] Queue element PushQEl_nms7yolov6n/conv49_70 has 0 frames in his Queue on destruction
[2024-09-30 19:38:06.857] [3156] [HailoRT] [info] [queue_elements.cpp:43] [~BaseQueueElement] Queue element PushQEl_nms4yolov6n/conv57_70 has 0 frames in his Queue on destruction
[2024-09-30 19:38:06.857] [3156] [HailoRT] [info] [queue_elements.cpp:43] [~BaseQueueElement] Queue element PushQEl_nms8yolov6n/conv58_70 has 0 frames in his Queue on destruction
[2024-09-30 19:38:06.857] [3156] [HailoRT] [info] [queue_elements.cpp:43] [~BaseQueueElement] Queue element PushQEl_nms5yolov6n/conv59_70 has 0 frames in his Queue on destruction
[2024-10-06 09:12:18.147] [2248] [HailoRT] [info] [device.cpp:46] [Device] OS Version: Linux 6.6.47+rpt-rpi-2712 #1 SMP PREEMPT Debian 1:6.6.47-1+rpt1 (2024-09-02) aarch64
[2024-10-06 09:12:18.147] [2248] [HailoRT] [info] [control.cpp:100] [control__parse_identify_results] firmware_version is: 4.18.0
[2024-10-06 09:12:18.150] [2248] [HailoRT] [info] [vdevice.cpp:652] [create] VDevice Infos: 0000:01:00.0
[2024-10-06 09:12:18.376] [2248] [HailoRT] [info] [hef.cpp:1844] [get_network_group_and_network_name] No name was given. Addressing all networks of default network_group: yolov6n
[2024-10-06 09:12:18.376] [2248] [HailoRT] [info] [hef.cpp:1844] [get_network_group_and_network_name] No name was given. Addressing all networks of default network_group: yolov6n
[2024-10-06 16:42:10.969] [2390] [HailoRT] [info] [device.cpp:46] [Device] OS Version: Linux 6.6.47+rpt-rpi-2712 #1 SMP PREEMPT Debian 1:6.6.47-1+rpt1 (2024-09-02) aarch64
[2024-10-06 16:42:10.969] [2390] [HailoRT] [info] [control.cpp:100] [control__parse_identify_results] firmware_version is: 4.18.0
[2024-10-06 16:42:10.972] [2390] [HailoRT] [info] [vdevice.cpp:652] [create] VDevice Infos: 0000:01:00.0
[2024-10-06 16:42:11.198] [2390] [HailoRT] [info] [hef.cpp:1844] [get_network_group_and_network_name] No name was given. Addressing all networks of default network_group: yolov6n
[2024-10-06 16:42:11.198] [2390] [HailoRT] [info] [hef.cpp:1844] [get_network_group_and_network_name] No name was given. Addressing all networks of default network_group: yolov6n
[2024-10-06 16:42:11.614] [2390] [HailoRT] [info] [internal_buffer_manager.cpp:202] [print_execution_results] Default Internal buffer planner failed to meet requirements
[2024-10-06 16:42:11.614] [2390] [HailoRT] [info] [internal_buffer_manager.cpp:212] [print_execution_results] Default Internal buffer planner executed successfully
[2024-10-06 16:42:11.620] [2390] [HailoRT] [info] [device_internal.cpp:57] [configure] Configuring HEF took 11.702315 milliseconds
[2024-10-06 16:42:11.620] [2390] [HailoRT] [info] [vdevice.cpp:751] [configure] Configuring HEF on VDevice took 12.416075 milliseconds
[2024-10-06 16:42:11.622] [2390] [HailoRT] [info] [multi_io_elements.cpp:780] [create] Created (AsyncHwEl)
[2024-10-06 16:42:11.622] [2390] [HailoRT] [info] [queue_elements.cpp:420] [create] Created (EntryPushQEl0yolov6n/input_layer1 | timeout: 10s)
[2024-10-06 16:42:11.622] [2390] [HailoRT] [info] [filter_elements.cpp:101] [create] Created (PreInferEl3yolov6n/input_layer1 | Reorder - src_order: RGB4, src_shape: (640, 640, 3), dst_order: NHCW, dst_shape: (640, 640, 3))
[2024-10-06 16:42:11.622] [2390] [HailoRT] [info] [queue_elements.cpp:420] [create] Created (PushQEl3yolov6n/input_layer1 | timeout: 10s)
[2024-10-06 16:42:11.622] [2390] [HailoRT] [info] [multi_io_elements.cpp:159] [create] Created (NmsPPMuxEl0YOLOX-Post-Process | Op YOLOX, Name: YOLOX-Post-Process, Score threshold: 0.300, IoU threshold: 0.45, Classes: 80, Cross classes: false, Max bboxes per class: 100, Image height: 640, Image width: 640)
[2024-10-06 16:42:11.622] [2390] [HailoRT] [info] [queue_elements.cpp:420] [create] Created (PushQEl_nms2yolov6n/conv36_70 | timeout: 10s)
[2024-10-06 16:42:11.623] [2390] [HailoRT] [info] [queue_elements.cpp:420] [create] Created (PushQEl_nms1yolov6n/conv37_70 | timeout: 10s)
[2024-10-06 16:42:11.623] [2390] [HailoRT] [info] [queue_elements.cpp:420] [create] Created (PushQEl_nms0yolov6n/conv38_70 | timeout: 10s)
[2024-10-06 16:42:11.623] [2390] [HailoRT] [info] [queue_elements.cpp:420] [create] Created (PushQEl_nms9yolov6n/conv47_70 | timeout: 10s)
[2024-10-06 16:42:11.623] [2390] [HailoRT] [info] [queue_elements.cpp:420] [create] Created (PushQEl_nms6yolov6n/conv48_70 | timeout: 10s)
[2024-10-06 16:42:11.623] [2390] [HailoRT] [info] [queue_elements.cpp:420] [create] Created (PushQEl_nms7yolov6n/conv49_70 | timeout: 10s)
[2024-10-06 16:42:11.623] [2390] [HailoRT] [info] [queue_elements.cpp:420] [create] Created (PushQEl_nms4yolov6n/conv57_70 | timeout: 10s)
[2024-10-06 16:42:11.623] [2390] [HailoRT] [info] [queue_elements.cpp:420] [create] Created (PushQEl_nms8yolov6n/conv58_70 | timeout: 10s)
[2024-10-06 16:42:11.623] [2390] [HailoRT] [info] [queue_elements.cpp:420] [create] Created (PushQEl_nms5yolov6n/conv59_70 | timeout: 10s)
[2024-10-06 16:42:11.623] [2390] [HailoRT] [info] [edge_elements.cpp:187] [create] Created (LastAsyncEl0NmsPPMuxEl0YOLOX-Post-Process)
[2024-10-06 16:42:11.623] [2390] [HailoRT] [info] [pipeline.cpp:872] [print_deep_description] EntryPushQEl0yolov6n/input_layer1 | inputs: user | outputs: PreInferEl3yolov6n/input_layer1
[2024-10-06 16:42:11.623] [2390] [HailoRT] [info] [pipeline.cpp:872] [print_deep_description] PreInferEl3yolov6n/input_layer1 | inputs: EntryPushQEl0yolov6n/input_layer1 | outputs: PushQEl3yolov6n/input_layer1
[2024-10-06 16:42:11.623] [2390] [HailoRT] [info] [pipeline.cpp:872] [print_deep_description] PushQEl3yolov6n/input_layer1 | inputs: PreInferEl3yolov6n/input_layer1 | outputs: AsyncHwEl
[2024-10-06 16:42:11.626] [2390] [HailoRT] [info] [pipeline.cpp:872] [print_deep_description] AsyncHwEl | inputs: PushQEl3yolov6n/input_layer1 | outputs: PushQEl_nms8yolov6n/conv58_70 PushQEl_nms7yolov6n/conv49_70 PushQEl_nms4yolov6n/conv57_70 PushQEl_nms6yolov6n/conv48_70 PushQEl_nms2yolov6n/conv36_70 PushQEl_nms5yolov6n/conv59_70 PushQEl_nms1yolov6n/conv37_70 PushQEl_nms9yolov6n/conv47_70 PushQEl_nms0yolov6n/conv38_70
[2024-10-06 16:42:11.626] [2390] [HailoRT] [info] [pipeline.cpp:872] [print_deep_description] PushQEl_nms8yolov6n/conv58_70 | inputs: AsyncHwEl | outputs: NmsPPMuxEl0YOLOX-Post-Process
[2024-10-06 16:42:11.626] [2390] [HailoRT] [info] [pipeline.cpp:872] [print_deep_description] NmsPPMuxEl0YOLOX-Post-Process | inputs: PushQEl_nms2yolov6n/conv36_70 PushQEl_nms1yolov6n/conv37_70 PushQEl_nms0yolov6n/conv38_70 PushQEl_nms9yolov6n/conv47_70 PushQEl_nms6yolov6n/conv48_70 PushQEl_nms7yolov6n/conv49_70 PushQEl_nms4yolov6n/conv57_70 PushQEl_nms8yolov6n/conv58_70 PushQEl_nms5yolov6n/conv59_70 | outputs: LastAsyncEl0NmsPPMuxEl0YOLOX-Post-Process
[2024-10-06 16:42:11.626] [2390] [HailoRT] [info] [pipeline.cpp:872] [print_deep_description] LastAsyncEl0NmsPPMuxEl0YOLOX-Post-Process | inputs: NmsPPMuxEl0YOLOX-Post-Process | outputs: user
[2024-10-06 16:42:11.626] [2390] [HailoRT] [info] [pipeline.cpp:872] [print_deep_description] PushQEl_nms7yolov6n/conv49_70 | inputs: AsyncHwEl | outputs: NmsPPMuxEl0YOLOX-Post-Process
[2024-10-06 16:42:11.626] [2390] [HailoRT] [info] [pipeline.cpp:872] [print_deep_description] PushQEl_nms4yolov6n/conv57_70 | inputs: AsyncHwEl | outputs: NmsPPMuxEl0YOLOX-Post-Process
[2024-10-06 16:42:11.626] [2390] [HailoRT] [info] [pipeline.cpp:872] [print_deep_description] PushQEl_nms6yolov6n/conv48_70 | inputs: AsyncHwEl | outputs: NmsPPMuxEl0YOLOX-Post-Process
[2024-10-06 16:42:11.626] [2390] [HailoRT] [info] [pipeline.cpp:872] [print_deep_description] PushQEl_nms2yolov6n/conv36_70 | inputs: AsyncHwEl | outputs: NmsPPMuxEl0YOLOX-Post-Process
[2024-10-06 16:42:11.626] [2390] [HailoRT] [info] [pipeline.cpp:872] [print_deep_description] PushQEl_nms5yolov6n/conv59_70 | inputs: AsyncHwEl | outputs: NmsPPMuxEl0YOLOX-Post-Process
[2024-10-06 16:42:11.626] [2390] [HailoRT] [info] [pipeline.cpp:872] [print_deep_description] PushQEl_nms1yolov6n/conv37_70 | inputs: AsyncHwEl | outputs: NmsPPMuxEl0YOLOX-Post-Process
[2024-10-06 16:42:11.626] [2390] [HailoRT] [info] [pipeline.cpp:872] [print_deep_description] PushQEl_nms9yolov6n/conv47_70 | inputs: AsyncHwEl | outputs: NmsPPMuxEl0YOLOX-Post-Process
[2024-10-06 16:42:11.626] [2390] [HailoRT] [info] [pipeline.cpp:872] [print_deep_description] PushQEl_nms0yolov6n/conv38_70 | inputs: AsyncHwEl | outputs: NmsPPMuxEl0YOLOX-Post-Process
[2024-10-06 16:42:12.015] [2422] [HailoRT] [info] [hef.cpp:1844] [get_network_group_and_network_name] No name was given. Addressing all networks of default network_group: yolov6n
[2024-10-06 16:43:03.680] [2390] [HailoRT] [info] [async_infer_runner.cpp:86] [shutdown] Pipeline was aborted. Shutting it down
[2024-10-06 16:43:03.680] [2390] [HailoRT] [info] [queue_elements.cpp:527] [execute_deactivate] enqueue() in element PushQEl_nms8yolov6n/conv58_70 was aborted, got status = HAILO_SHUTDOWN_EVENT_SIGNALED(57)
[2024-10-06 16:43:03.680] [2390] [HailoRT] [info] [queue_elements.cpp:527] [execute_deactivate] enqueue() in element PushQEl_nms7yolov6n/conv49_70 was aborted, got status = HAILO_SHUTDOWN_EVENT_SIGNALED(57)
[2024-10-06 16:43:03.680] [2390] [HailoRT] [info] [queue_elements.cpp:527] [execute_deactivate] enqueue() in element PushQEl_nms4yolov6n/conv57_70 was aborted, got status = HAILO_SHUTDOWN_EVENT_SIGNALED(57)
[2024-10-06 16:43:03.680] [2390] [HailoRT] [info] [queue_elements.cpp:527] [execute_deactivate] enqueue() in element PushQEl_nms6yolov6n/conv48_70 was aborted, got status = HAILO_SHUTDOWN_EVENT_SIGNALED(57)
[2024-10-06 16:43:03.680] [2390] [HailoRT] [info] [queue_elements.cpp:527] [execute_deactivate] enqueue() in element PushQEl_nms2yolov6n/conv36_70 was aborted, got status = HAILO_SHUTDOWN_EVENT_SIGNALED(57)
[2024-10-06 16:43:03.680] [2390] [HailoRT] [info] [queue_elements.cpp:527] [execute_deactivate] enqueue() in element PushQEl_nms5yolov6n/conv59_70 was aborted, got status = HAILO_SHUTDOWN_EVENT_SIGNALED(57)
[2024-10-06 16:43:03.680] [2390] [HailoRT] [info] [queue_elements.cpp:527] [execute_deactivate] enqueue() in element PushQEl_nms1yolov6n/conv37_70 was aborted, got status = HAILO_SHUTDOWN_EVENT_SIGNALED(57)
[2024-10-06 16:43:03.680] [2390] [HailoRT] [info] [queue_elements.cpp:527] [execute_deactivate] enqueue() in element PushQEl_nms9yolov6n/conv47_70 was aborted, got status = HAILO_SHUTDOWN_EVENT_SIGNALED(57)
[2024-10-06 16:43:03.681] [2390] [HailoRT] [info] [queue_elements.cpp:527] [execute_deactivate] enqueue() in element PushQEl_nms0yolov6n/conv38_70 was aborted, got status = HAILO_SHUTDOWN_EVENT_SIGNALED(57)
[2024-10-06 16:43:03.681] [2390] [HailoRT] [info] [queue_elements.cpp:527] [execute_deactivate] enqueue() in element PushQEl3yolov6n/input_layer1 was aborted, got status = HAILO_SHUTDOWN_EVENT_SIGNALED(57)
[2024-10-06 16:43:03.681] [2390] [HailoRT] [info] [queue_elements.cpp:527] [execute_deactivate] enqueue() in element EntryPushQEl0yolov6n/input_layer1 was aborted, got status = HAILO_SHUTDOWN_EVENT_SIGNALED(57)
[2024-10-06 16:43:03.681] [2390] [HailoRT] [info] [queue_elements.cpp:43] [~BaseQueueElement] Queue element EntryPushQEl0yolov6n/input_layer1 has 0 frames in his Queue on destruction
[2024-10-06 16:43:03.681] [2390] [HailoRT] [info] [queue_elements.cpp:43] [~BaseQueueElement] Queue element PushQEl3yolov6n/input_layer1 has 0 frames in his Queue on destruction
[2024-10-06 16:43:03.681] [2390] [HailoRT] [info] [queue_elements.cpp:43] [~BaseQueueElement] Queue element PushQEl_nms2yolov6n/conv36_70 has 0 frames in his Queue on destruction
[2024-10-06 16:43:03.681] [2390] [HailoRT] [info] [queue_elements.cpp:43] [~BaseQueueElement] Queue element PushQEl_nms1yolov6n/conv37_70 has 0 frames in his Queue on destruction
[2024-10-06 16:43:03.681] [2390] [HailoRT] [info] [queue_elements.cpp:43] [~BaseQueueElement] Queue element PushQEl_nms0yolov6n/conv38_70 has 0 frames in his Queue on destruction
[2024-10-06 16:43:03.681] [2390] [HailoRT] [info] [queue_elements.cpp:43] [~BaseQueueElement] Queue element PushQEl_nms9yolov6n/conv47_70 has 0 frames in his Queue on destruction
[2024-10-06 16:43:03.681] [2390] [HailoRT] [info] [queue_elements.cpp:43] [~BaseQueueElement] Queue element PushQEl_nms6yolov6n/conv48_70 has 0 frames in his Queue on destruction
[2024-10-06 16:43:03.681] [2390] [HailoRT] [info] [queue_elements.cpp:43] [~BaseQueueElement] Queue element PushQEl_nms7yolov6n/conv49_70 has 0 frames in his Queue on destruction
[2024-10-06 16:43:03.681] [2390] [HailoRT] [info] [queue_elements.cpp:43] [~BaseQueueElement] Queue element PushQEl_nms4yolov6n/conv57_70 has 0 frames in his Queue on destruction
[2024-10-06 16:43:03.681] [2390] [HailoRT] [info] [queue_elements.cpp:43] [~BaseQueueElement] Queue element PushQEl_nms8yolov6n/conv58_70 has 0 frames in his Queue on destruction
[2024-10-06 16:43:03.682] [2390] [HailoRT] [info] [queue_elements.cpp:43] [~BaseQueueElement] Queue element PushQEl_nms5yolov6n/conv59_70 has 0 frames in his Queue on destruction
[2024-10-06 16:55:55.392] [2749] [HailoRT] [info] [device.cpp:46] [Device] OS Version: Linux 6.6.47+rpt-rpi-2712 #1 SMP PREEMPT Debian 1:6.6.47-1+rpt1 (2024-09-02) aarch64
[2024-10-06 16:55:55.392] [2749] [HailoRT] [info] [control.cpp:100] [control__parse_identify_results] firmware_version is: 4.18.0
[2024-10-06 16:55:55.392] [2749] [HailoRT] [info] [vdevice.cpp:652] [create] VDevice Infos: 0000:01:00.0
[2024-10-06 16:55:55.461] [2749] [HailoRT] [info] [hef.cpp:1844] [get_network_group_and_network_name] No name was given. Addressing all networks of default network_group: yolov6n
[2024-10-06 16:55:55.461] [2749] [HailoRT] [info] [hef.cpp:1844] [get_network_group_and_network_name] No name was given. Addressing all networks of default network_group: yolov6n
[2024-10-06 16:55:55.490] [2749] [HailoRT] [info] [internal_buffer_manager.cpp:202] [print_execution_results] Default Internal buffer planner failed to meet requirements
[2024-10-06 16:55:55.490] [2749] [HailoRT] [info] [internal_buffer_manager.cpp:212] [print_execution_results] Default Internal buffer planner executed successfully
[2024-10-06 16:55:55.497] [2749] [HailoRT] [info] [device_internal.cpp:57] [configure] Configuring HEF took 12.858047 milliseconds
[2024-10-06 16:55:55.497] [2749] [HailoRT] [info] [vdevice.cpp:751] [configure] Configuring HEF on VDevice took 13.287159 milliseconds
[2024-10-06 16:55:55.498] [2749] [HailoRT] [info] [multi_io_elements.cpp:780] [create] Created (AsyncHwEl)
[2024-10-06 16:55:55.498] [2749] [HailoRT] [info] [queue_elements.cpp:420] [create] Created (EntryPushQEl0yolov6n/input_layer1 | timeout: 10s)
[2024-10-06 16:55:55.498] [2749] [HailoRT] [info] [filter_elements.cpp:101] [create] Created (PreInferEl3yolov6n/input_layer1 | Reorder - src_order: RGB4, src_shape: (640, 640, 3), dst_order: NHCW, dst_shape: (640, 640, 3))
[2024-10-06 16:55:55.498] [2749] [HailoRT] [info] [queue_elements.cpp:420] [create] Created (PushQEl3yolov6n/input_layer1 | timeout: 10s)
[2024-10-06 16:55:55.498] [2749] [HailoRT] [info] [multi_io_elements.cpp:159] [create] Created (NmsPPMuxEl0YOLOX-Post-Process | Op YOLOX, Name: YOLOX-Post-Process, Score threshold: 0.300, IoU threshold: 0.45, Classes: 80, Cross classes: false, Max bboxes per class: 100, Image height: 640, Image width: 640)
[2024-10-06 16:55:55.498] [2749] [HailoRT] [info] [queue_elements.cpp:420] [create] Created (PushQEl_nms2yolov6n/conv36_70 | timeout: 10s)
[2024-10-06 16:55:55.498] [2749] [HailoRT] [info] [queue_elements.cpp:420] [create] Created (PushQEl_nms1yolov6n/conv37_70 | timeout: 10s)
[2024-10-06 16:55:55.498] [2749] [HailoRT] [info] [queue_elements.cpp:420] [create] Created (PushQEl_nms0yolov6n/conv38_70 | timeout: 10s)
[2024-10-06 16:55:55.498] [2749] [HailoRT] [info] [queue_elements.cpp:420] [create] Created (PushQEl_nms9yolov6n/conv47_70 | timeout: 10s)
[2024-10-06 16:55:55.498] [2749] [HailoRT] [info] [queue_elements.cpp:420] [create] Created (PushQEl_nms6yolov6n/conv48_70 | timeout: 10s)
[2024-10-06 16:55:55.498] [2749] [HailoRT] [info] [queue_elements.cpp:420] [create] Created (PushQEl_nms7yolov6n/conv49_70 | timeout: 10s)
[2024-10-06 16:55:55.498] [2749] [HailoRT] [info] [queue_elements.cpp:420] [create] Created (PushQEl_nms4yolov6n/conv57_70 | timeout: 10s)
[2024-10-06 16:55:55.498] [2749] [HailoRT] [info] [queue_elements.cpp:420] [create] Created (PushQEl_nms8yolov6n/conv58_70 | timeout: 10s)
[2024-10-06 16:55:55.499] [2749] [HailoRT] [info] [queue_elements.cpp:420] [create] Created (PushQEl_nms5yolov6n/conv59_70 | timeout: 10s)
[2024-10-06 16:55:55.499] [2749] [HailoRT] [info] [edge_elements.cpp:187] [create] Created (LastAsyncEl0NmsPPMuxEl0YOLOX-Post-Process)
[2024-10-06 16:55:55.499] [2749] [HailoRT] [info] [pipeline.cpp:872] [print_deep_description] EntryPushQEl0yolov6n/input_layer1 | inputs: user | outputs: PreInferEl3yolov6n/input_layer1
[2024-10-06 16:55:55.499] [2749] [HailoRT] [info] [pipeline.cpp:872] [print_deep_description] PreInferEl3yolov6n/input_layer1 | inputs: EntryPushQEl0yolov6n/input_layer1 | outputs: PushQEl3yolov6n/input_layer1
[2024-10-06 16:55:55.499] [2749] [HailoRT] [info] [pipeline.cpp:872] [print_deep_description] PushQEl3yolov6n/input_layer1 | inputs: PreInferEl3yolov6n/input_layer1 | outputs: AsyncHwEl
[2024-10-06 16:55:55.499] [2749] [HailoRT] [info] [pipeline.cpp:872] [print_deep_description] AsyncHwEl | inputs: PushQEl3yolov6n/input_layer1 | outputs: PushQEl_nms8yolov6n/conv58_70 PushQEl_nms7yolov6n/conv49_70 PushQEl_nms4yolov6n/conv57_70 PushQEl_nms6yolov6n/conv48_70 PushQEl_nms2yolov6n/conv36_70 PushQEl_nms5yolov6n/conv59_70 PushQEl_nms1yolov6n/conv37_70 PushQEl_nms9yolov6n/conv47_70 PushQEl_nms0yolov6n/conv38_70
[2024-10-06 16:55:55.499] [2749] [HailoRT] [info] [pipeline.cpp:872] [print_deep_description] PushQEl_nms8yolov6n/conv58_70 | inputs: AsyncHwEl | outputs: NmsPPMuxEl0YOLOX-Post-Process
[2024-10-06 16:55:55.499] [2749] [HailoRT] [info] [pipeline.cpp:872] [print_deep_description] NmsPPMuxEl0YOLOX-Post-Process | inputs: PushQEl_nms2yolov6n/conv36_70 PushQEl_nms1yolov6n/conv37_70 PushQEl_nms0yolov6n/conv38_70 PushQEl_nms9yolov6n/conv47_70 PushQEl_nms6yolov6n/conv48_70 PushQEl_nms7yolov6n/conv49_70 PushQEl_nms4yolov6n/conv57_70 PushQEl_nms8yolov6n/conv58_70 PushQEl_nms5yolov6n/conv59_70 | outputs: LastAsyncEl0NmsPPMuxEl0YOLOX-Post-Process
[2024-10-06 16:55:55.499] [2749] [HailoRT] [info] [pipeline.cpp:872] [print_deep_description] LastAsyncEl0NmsPPMuxEl0YOLOX-Post-Process | inputs: NmsPPMuxEl0YOLOX-Post-Process | outputs: user
[2024-10-06 16:55:55.499] [2749] [HailoRT] [info] [pipeline.cpp:872] [print_deep_description] PushQEl_nms7yolov6n/conv49_70 | inputs: AsyncHwEl | outputs: NmsPPMuxEl0YOLOX-Post-Process
[2024-10-06 16:55:55.499] [2749] [HailoRT] [info] [pipeline.cpp:872] [print_deep_description] PushQEl_nms4yolov6n/conv57_70 | inputs: AsyncHwEl | outputs: NmsPPMuxEl0YOLOX-Post-Process
[2024-10-06 16:55:55.499] [2749] [HailoRT] [info] [pipeline.cpp:872] [print_deep_description] PushQEl_nms6yolov6n/conv48_70 | inputs: AsyncHwEl | outputs: NmsPPMuxEl0YOLOX-Post-Process
[2024-10-06 16:55:55.499] [2749] [HailoRT] [info] [pipeline.cpp:872] [print_deep_description] PushQEl_nms2yolov6n/conv36_70 | inputs: AsyncHwEl | outputs: NmsPPMuxEl0YOLOX-Post-Process
[2024-10-06 16:55:55.499] [2749] [HailoRT] [info] [pipeline.cpp:872] [print_deep_description] PushQEl_nms5yolov6n/conv59_70 | inputs: AsyncHwEl | outputs: NmsPPMuxEl0YOLOX-Post-Process
[2024-10-06 16:55:55.499] [2749] [HailoRT] [info] [pipeline.cpp:872] [print_deep_description] PushQEl_nms1yolov6n/conv37_70 | inputs: AsyncHwEl | outputs: NmsPPMuxEl0YOLOX-Post-Process
[2024-10-06 16:55:55.499] [2749] [HailoRT] [info] [pipeline.cpp:872] [print_deep_description] PushQEl_nms9yolov6n/conv47_70 | inputs: AsyncHwEl | outputs: NmsPPMuxEl0YOLOX-Post-Process
[2024-10-06 16:55:55.499] [2749] [HailoRT] [info] [pipeline.cpp:872] [print_deep_description] PushQEl_nms0yolov6n/conv38_70 | inputs: AsyncHwEl | outputs: NmsPPMuxEl0YOLOX-Post-Process
[2024-10-06 16:55:55.782] [2771] [HailoRT] [info] [hef.cpp:1844] [get_network_group_and_network_name] No name was given. Addressing all networks of default network_group: yolov6n
[2024-10-06 16:56:00.601] [2749] [HailoRT] [info] [async_infer_runner.cpp:86] [shutdown] Pipeline was aborted. Shutting it down
[2024-10-06 16:56:00.603] [2749] [HailoRT] [info] [queue_elements.cpp:527] [execute_deactivate] enqueue() in element PushQEl_nms8yolov6n/conv58_70 was aborted, got status = HAILO_SHUTDOWN_EVENT_SIGNALED(57)
[2024-10-06 16:56:00.603] [2749] [HailoRT] [info] [queue_elements.cpp:527] [execute_deactivate] enqueue() in element PushQEl_nms7yolov6n/conv49_70 was aborted, got status = HAILO_SHUTDOWN_EVENT_SIGNALED(57)
[2024-10-06 16:56:00.603] [2749] [HailoRT] [info] [queue_elements.cpp:527] [execute_deactivate] enqueue() in element PushQEl_nms4yolov6n/conv57_70 was aborted, got status = HAILO_SHUTDOWN_EVENT_SIGNALED(57)
[2024-10-06 16:56:00.603] [2749] [HailoRT] [info] [queue_elements.cpp:527] [execute_deactivate] enqueue() in element PushQEl_nms6yolov6n/conv48_70 was aborted, got status = HAILO_SHUTDOWN_EVENT_SIGNALED(57)
[2024-10-06 16:56:00.603] [2749] [HailoRT] [info] [queue_elements.cpp:527] [execute_deactivate] enqueue() in element PushQEl_nms2yolov6n/conv36_70 was aborted, got status = HAILO_SHUTDOWN_EVENT_SIGNALED(57)
[2024-10-06 16:56:00.603] [2749] [HailoRT] [info] [queue_elements.cpp:527] [execute_deactivate] enqueue() in element PushQEl_nms5yolov6n/conv59_70 was aborted, got status = HAILO_SHUTDOWN_EVENT_SIGNALED(57)
[2024-10-06 16:56:00.603] [2749] [HailoRT] [info] [queue_elements.cpp:527] [execute_deactivate] enqueue() in element PushQEl_nms1yolov6n/conv37_70 was aborted, got status = HAILO_SHUTDOWN_EVENT_SIGNALED(57)
[2024-10-06 16:56:00.603] [2749] [HailoRT] [info] [queue_elements.cpp:527] [execute_deactivate] enqueue() in element PushQEl_nms9yolov6n/conv47_70 was aborted, got status = HAILO_SHUTDOWN_EVENT_SIGNALED(57)
[2024-10-06 16:56:00.603] [2749] [HailoRT] [info] [queue_elements.cpp:527] [execute_deactivate] enqueue() in element PushQEl_nms0yolov6n/conv38_70 was aborted, got status = HAILO_SHUTDOWN_EVENT_SIGNALED(57)
[2024-10-06 16:56:00.603] [2749] [HailoRT] [info] [queue_elements.cpp:527] [execute_deactivate] enqueue() in element PushQEl3yolov6n/input_layer1 was aborted, got status = HAILO_SHUTDOWN_EVENT_SIGNALED(57)
[2024-10-06 16:56:00.603] [2749] [HailoRT] [info] [queue_elements.cpp:527] [execute_deactivate] enqueue() in element EntryPushQEl0yolov6n/input_layer1 was aborted, got status = HAILO_SHUTDOWN_EVENT_SIGNALED(57)
[2024-10-06 16:56:00.603] [2749] [HailoRT] [info] [queue_elements.cpp:43] [~BaseQueueElement] Queue element EntryPushQEl0yolov6n/input_layer1 has 0 frames in his Queue on destruction
[2024-10-06 16:56:00.603] [2749] [HailoRT] [info] [queue_elements.cpp:43] [~BaseQueueElement] Queue element PushQEl3yolov6n/input_layer1 has 0 frames in his Queue on destruction
[2024-10-06 16:56:00.603] [2749] [HailoRT] [info] [queue_elements.cpp:43] [~BaseQueueElement] Queue element PushQEl_nms2yolov6n/conv36_70 has 0 frames in his Queue on destruction
[2024-10-06 16:56:00.603] [2749] [HailoRT] [info] [queue_elements.cpp:43] [~BaseQueueElement] Queue element PushQEl_nms1yolov6n/conv37_70 has 0 frames in his Queue on destruction
[2024-10-06 16:56:00.604] [2749] [HailoRT] [info] [queue_elements.cpp:43] [~BaseQueueElement] Queue element PushQEl_nms0yolov6n/conv38_70 has 0 frames in his Queue on destruction
[2024-10-06 16:56:00.604] [2749] [HailoRT] [info] [queue_elements.cpp:43] [~BaseQueueElement] Queue element PushQEl_nms9yolov6n/conv47_70 has 0 frames in his Queue on destruction
[2024-10-06 16:56:00.604] [2749] [HailoRT] [info] [queue_elements.cpp:43] [~BaseQueueElement] Queue element PushQEl_nms6yolov6n/conv48_70 has 0 frames in his Queue on destruction
[2024-10-06 16:56:00.604] [2749] [HailoRT] [info] [queue_elements.cpp:43] [~BaseQueueElement] Queue element PushQEl_nms7yolov6n/conv49_70 has 0 frames in his Queue on destruction
[2024-10-06 16:56:00.604] [2749] [HailoRT] [info] [queue_elements.cpp:43] [~BaseQueueElement] Queue element PushQEl_nms4yolov6n/conv57_70 has 0 frames in his Queue on destruction
[2024-10-06 16:56:00.604] [2749] [HailoRT] [info] [queue_elements.cpp:43] [2024-10-06 16:56:27.761] [2837] [HailoRT] [info] [device.cpp:46] [Device] OS Version: Linux 6.6.47+rpt-rpi-2712 #1 SMP PREEMPT Debian 1:6.6.47-1+rpt1 (2024-09-02) aarch64
[2024-10-06 16:56:27.761] [2837] [HailoRT] [info] [control.cpp:100] [control__parse_identify_results] firmware_version is: 4.18.0
[2024-10-06 16:56:27.761] [2837] [HailoRT] [info] [vdevice.cpp:652] [create] VDevice Infos: 0000:01:00.0
[2024-10-06 16:56:27.831] [2837] [HailoRT] [info] [hef.cpp:1844] [get_network_group_and_network_name] No name was given. Addressing all networks of default network_group: yolov6n
[2024-10-06 16:56:27.831] [2837] [HailoRT] [info] [hef.cpp:1844] [get_network_group_and_network_name] No name was given. Addressing all networks of default network_group: yolov6n
[2024-10-06 16:56:27.849] [2837] [HailoRT] [info] [internal_buffer_manager.cpp:202] [print_execution_results] Default Internal buffer planner failed to meet requirements
[2024-10-06 16:56:27.849] [2837] [HailoRT] [info] [internal_buffer_manager.cpp:212] [print_execution_results] Default Internal buffer planner executed successfully
[2024-10-06 16:56:27.854] [2837] [HailoRT] [info] [device_internal.cpp:57] [configure] Configuring HEF took 11.808673 milliseconds
[2024-10-06 16:56:27.855] [2837] [HailoRT] [info] [vdevice.cpp:751] [configure] Configuring HEF on VDevice took 12.1766 milliseconds
[2024-10-06 16:56:27.855] [2837] [HailoRT] [info] [multi_io_elements.cpp:780] [create] Created (AsyncHwEl)
[2024-10-06 16:56:27.855] [2837] [HailoRT] [info] [queue_elements.cpp:420] [create] Created (EntryPushQEl0yolov6n/input_layer1 | timeout: 10s)
[2024-10-06 16:56:27.855] [2837] [HailoRT] [info] [filter_elements.cpp:101] [create] Created (PreInferEl3yolov6n/input_layer1 | Reorder - src_order: RGB4, src_shape: (640, 640, 3), dst_order: NHCW, dst_shape: (640, 640, 3))
[2024-10-06 16:56:27.855] [2837] [HailoRT] [info] [queue_elements.cpp:420] [create] Created (PushQEl3yolov6n/input_layer1 | timeout: 10s)
[2024-10-06 16:56:27.855] [2837] [HailoRT] [info] [multi_io_elements.cpp:159] [create] Created (NmsPPMuxEl0YOLOX-Post-Process | Op YOLOX, Name: YOLOX-Post-Process, Score threshold: 0.300, IoU threshold: 0.45, Classes: 80, Cross classes: false, Max bboxes per class: 100, Image height: 640, Image width: 640)
[2024-10-06 16:56:27.855] [2837] [HailoRT] [info] [queue_elements.cpp:420] [create] Created (PushQEl_nms2yolov6n/conv36_70 | timeout: 10s)
[2024-10-06 16:56:27.855] [2837] [HailoRT] [info] [queue_elements.cpp:420] [create] Created (PushQEl_nms1yolov6n/conv37_70 | timeout: 10s)
[2024-10-06 16:56:27.855] [2837] [HailoRT] [info] [queue_elements.cpp:420] [create] Created (PushQEl_nms0yolov6n/conv38_70 | timeout: 10s)
[2024-10-06 16:56:27.855] [2837] [HailoRT] [info] [queue_elements.cpp:420] [create] Created (PushQEl_nms9yolov6n/conv47_70 | timeout: 10s)
[2024-10-06 16:56:27.855] [2837] [HailoRT] [info] [queue_elements.cpp:420] [create] Created (PushQEl_nms6yolov6n/conv48_70 | timeout: 10s)
[2024-10-06 16:56:27.856] [2837] [HailoRT] [info] [queue_elements.cpp:420] [create] Created (PushQEl_nms7yolov6n/conv49_70 | timeout: 10s)
[2024-10-06 16:56:27.856] [2837] [HailoRT] [info] [queue_elements.cpp:420] [create] Created (PushQEl_nms4yolov6n/conv57_70 | timeout: 10s)
[2024-10-06 16:56:27.856] [2837] [HailoRT] [info] [queue_elements.cpp:420] [create] Created (PushQEl_nms8yolov6n/conv58_70 | timeout: 10s)
[2024-10-06 16:56:27.856] [2837] [HailoRT] [info] [queue_elements.cpp:420] [create] Created (PushQEl_nms5yolov6n/conv59_70 | timeout: 10s)
[2024-10-06 16:56:27.856] [2837] [HailoRT] [info] [edge_elements.cpp:187] [create] Created (LastAsyncEl0NmsPPMuxEl0YOLOX-Post-Process)
[2024-10-06 16:56:27.856] [2837] [HailoRT] [info] [pipeline.cpp:872] [print_deep_description] EntryPushQEl0yolov6n/input_layer1 | inputs: user | outputs: PreInferEl3yolov6n/input_layer1
[2024-10-06 16:56:27.856] [2837] [HailoRT] [info] [pipeline.cpp:872] [print_deep_description] PreInferEl3yolov6n/input_layer1 | inputs: EntryPushQEl0yolov6n/input_layer1 | outputs: PushQEl3yolov6n/input_layer1
[2024-10-06 16:56:27.856] [2837] [HailoRT] [info] [pipeline.cpp:872] [print_deep_description] PushQEl3yolov6n/input_layer1 | inputs: PreInferEl3yolov6n/input_layer1 | outputs: AsyncHwEl
[2024-10-06 16:56:27.856] [2837] [HailoRT] [info] [pipeline.cpp:872] [print_deep_description] AsyncHwEl | inputs: PushQEl3yolov6n/input_layer1 | outputs: PushQEl_nms8yolov6n/conv58_70 PushQEl_nms7yolov6n/conv49_70 PushQEl_nms4yolov6n/conv57_70 PushQEl_nms6yolov6n/conv48_70 PushQEl_nms2yolov6n/conv36_70 PushQEl_nms5yolov6n/conv59_70 PushQEl_nms1yolov6n/conv37_70 PushQEl_nms9yolov6n/conv47_70 PushQEl_nms0yolov6n/conv38_70
[2024-10-06 16:56:27.856] [2837] [HailoRT] [info] [pipeline.cpp:872] [print_deep_description] PushQEl_nms8yolov6n/conv58_70 | inputs: AsyncHwEl | outputs: NmsPPMuxEl0YOLOX-Post-Process
[2024-10-06 16:56:27.856] [2837] [HailoRT] [info] [pipeline.cpp:872] [print_deep_description] NmsPPMuxEl0YOLOX-Post-Process | inputs: PushQEl_nms2yolov6n/conv36_70 PushQEl_nms1yolov6n/conv37_70 PushQEl_nms0yolov6n/conv38_70 PushQEl_nms9yolov6n/conv47_70 PushQEl_nms6yolov6n/conv48_70 PushQEl_nms7yolov6n/conv49_70 PushQEl_nms4yolov6n/conv57_70 PushQEl_nms8yolov6n/conv58_70 PushQEl_nms5yolov6n/conv59_70 | outputs: LastAsyncEl0NmsPPMuxEl0YOLOX-Post-Process
[2024-10-06 16:56:27.856] [2837] [HailoRT] [info] [pipeline.cpp:872] [print_deep_description] LastAsyncEl0NmsPPMuxEl0YOLOX-Post-Process | inputs: NmsPPMuxEl0YOLOX-Post-Process | outputs: user
[2024-10-06 16:56:27.856] [2837] [HailoRT] [info] [pipeline.cpp:872] [print_deep_description] PushQEl_nms7yolov6n/conv49_70 | inputs: AsyncHwEl | outputs: NmsPPMuxEl0YOLOX-Post-Process
[2024-10-06 16:56:27.856] [2837] [HailoRT] [info] [pipeline.cpp:872] [print_deep_description] PushQEl_nms4yolov6n/conv57_70 | inputs: AsyncHwEl | outputs: NmsPPMuxEl0YOLOX-Post-Process
[2024-10-06 16:56:27.856] [2837] [HailoRT] [info] [pipeline.cpp:872] [print_deep_description] PushQEl_nms6yolov6n/conv48_70 | inputs: AsyncHwEl | outputs: NmsPPMuxEl0YOLOX-Post-Process
[2024-10-06 16:56:27.856] [2837] [HailoRT] [info] [pipeline.cpp:872] [print_deep_description] PushQEl_nms2yolov6n/conv36_70 | inputs: AsyncHwEl | outputs: NmsPPMuxEl0YOLOX-Post-Process
[2024-10-06 16:56:27.856] [2837] [HailoRT] [info] [pipeline.cpp:872] [print_deep_description] PushQEl_nms5yolov6n/conv59_70 | inputs: AsyncHwEl | outputs: NmsPPMuxEl0YOLOX-Post-Process
[2024-10-06 16:56:27.856] [2837] [HailoRT] [info] [pipeline.cpp:872] [print_deep_description] PushQEl_nms1yolov6n/conv37_70 | inputs: AsyncHwEl | outputs: NmsPPMuxEl0YOLOX-Post-Process
[2024-10-06 16:56:27.856] [2837] [HailoRT] [info] [pipeline.cpp:872] [print_deep_description] PushQEl_nms9yolov6n/conv47_70 | inputs: AsyncHwEl | outputs: NmsPPMuxEl0YOLOX-Post-Process
[2024-10-06 16:56:27.856] [2837] [HailoRT] [info] [pipeline.cpp:872] [print_deep_description] PushQEl_nms0yolov6n/conv38_70 | inputs: AsyncHwEl | outputs: NmsPPMuxEl0YOLOX-Post-Process
[2024-10-06 16:56:28.135] [2858] [HailoRT] [info] [hef.cpp:1844] [get_network_group_and_network_name] No name was given. Addressing all networks of default network_group: yolov6n
[2024-10-06 16:56:53.345] [2837] [HailoRT] [info] [async_infer_runner.cpp:86] [shutdown] Pipeline was aborted. Shutting it down
[2024-10-06 16:56:53.346] [2868] [HailoRT] [info] [queue_elements.cpp:466] [operator()] Thread in element PushQEl_nms0yolov6n/conv38_70 is not running anymore, exiting..
[2024-10-06 16:56:53.346] [2867] [HailoRT] [info] [queue_elements.cpp:466] [operator()] Thread in element PushQEl_nms1yolov6n/conv37_70 is not running anymore, exiting..
[2024-10-06 16:56:53.346] [2866] [HailoRT] [info] [queue_elements.cpp:466] [operator()] Thread in element PushQEl_nms2yolov6n/conv36_70 is not running anymore, exiting..
[2024-10-06 16:56:53.346] [2870] [HailoRT] [info] [queue_elements.cpp:466] [operator()] Thread in element PushQEl_nms6yolov6n/conv48_70 is not running anymore, exiting..
[2024-10-06 16:56:53.346] [2869] [HailoRT] [info] [queue_elements.cpp:466] [operator()] Thread in element PushQEl_nms9yolov6n/conv47_70 is not running anymore, exiting..
[2024-10-06 16:56:53.346] [2837] [HailoRT] [info] [queue_elements.cpp:527] [execute_deactivate] enqueue() in element PushQEl_nms8yolov6n/conv58_70 was aborted, got status = HAILO_SHUTDOWN_EVENT_SIGNALED(57)
[2024-10-06 16:56:53.346] [2837] [HailoRT] [info] [queue_elements.cpp:527] [execute_deactivate] enqueue() in element PushQEl_nms7yolov6n/conv49_70 was aborted, got status = HAILO_SHUTDOWN_EVENT_SIGNALED(57)
[2024-10-06 16:56:53.346] [2837] [HailoRT] [info] [queue_elements.cpp:527] [execute_deactivate] enqueue() in element PushQEl_nms4yolov6n/conv57_70 was aborted, got status = HAILO_SHUTDOWN_EVENT_SIGNALED(57)
[2024-10-06 16:56:53.346] [2837] [HailoRT] [info] [queue_elements.cpp:527] [execute_deactivate] enqueue() in element PushQEl_nms6yolov6n/conv48_70 was aborted, got status = HAILO_SHUTDOWN_EVENT_SIGNALED(57)
[2024-10-06 16:56:53.346] [2837] [HailoRT] [info] [queue_elements.cpp:527] [execute_deactivate] enqueue() in element PushQEl_nms2yolov6n/conv36_70 was aborted, got status = HAILO_SHUTDOWN_EVENT_SIGNALED(57)
[2024-10-06 16:56:53.346] [2837] [HailoRT] [info] [queue_elements.cpp:527] [execute_deactivate] enqueue() in element PushQEl_nms5yolov6n/conv59_70 was aborted, got status = HAILO_SHUTDOWN_EVENT_SIGNALED(57)
[2024-10-06 16:56:53.346] [2837] [HailoRT] [info] [queue_elements.cpp:527] [execute_deactivate] enqueue() in element PushQEl_nms1yolov6n/conv37_70 was aborted, got status = HAILO_SHUTDOWN_EVENT_SIGNALED(57)
[2024-10-06 16:56:53.346] [2837] [HailoRT] [info] [queue_elements.cpp:527] [execute_deactivate] enqueue() in element PushQEl_nms9yolov6n/conv47_70 was aborted, got status = HAILO_SHUTDOWN_EVENT_SIGNALED(57)
[2024-10-06 16:56:53.346] [2837] [HailoRT] [info] [queue_elements.cpp:527] [execute_deactivate] enqueue() in element PushQEl_nms0yolov6n/conv38_70 was aborted, got status = HAILO_SHUTDOWN_EVENT_SIGNALED(57)
[2024-10-06 16:56:53.346] [2837] [HailoRT] [info] [queue_elements.cpp:527] [execute_deactivate] enqueue() in element PushQEl3yolov6n/input_layer1 was aborted, got status = HAILO_SHUTDOWN_EVENT_SIGNALED(57)
[2024-10-06 16:56:53.346] [2837] [HailoRT] [info] [queue_elements.cpp:527] [execute_deactivate] enqueue() in element EntryPushQEl0yolov6n/input_layer1 was aborted, got status = HAILO_SHUTDOWN_EVENT_SIGNALED(57)
[2024-10-06 16:56:53.346] [2837] [HailoRT] [info] [queue_elements.cpp:43] [~BaseQueueElement] Queue element EntryPushQEl0yolov6n/input_layer1 has 0 frames in his Queue on destruction
[2024-10-06 16:56:53.346] [2837] [HailoRT] [info] [queue_elements.cpp:43] [~BaseQueueElement] Queue element PushQEl3yolov6n/input_layer1 has 0 frames in his Queue on destruction
[2024-10-06 16:56:53.347] [2837] [HailoRT] [info] [queue_elements.cpp:43] [~BaseQueueElement] Queue element PushQEl_nms2yolov6n/conv36_70 has 0 frames in his Queue on destruction
[2024-10-06 16:56:53.347] [2837] [HailoRT] [info] [queue_elements.cpp:43] [~BaseQueueElement] Queue element PushQEl_nms1yolov6n/conv37_70 has 0 frames in his Queue on destruction
[2024-10-06 16:56:53.347] [2837] [HailoRT] [info] [queue_elements.cpp:43] [~BaseQueueElement] Queue element PushQEl_nms0yolov6n/conv38_70 has 0 frames in his Queue on destruction
[2024-10-06 16:56:53.347] [2837] [HailoRT] [info] [queue_elements.cpp:43] [~BaseQueueElement] Queue element PushQEl_nms9yolov6n/conv47_70 has 0 frames in his Queue on destruction
[2024-10-06 16:56:53.347] [2837] [HailoRT] [info] [queue_elements.cpp:43] [~BaseQueueElement] Queue element PushQEl_nms6yolov6n/conv48_70 has 0 frames in his Queue on destruction
[2024-10-06 16:56:53.348] [2837] [HailoRT] [info] [queue_elements.cpp:43] [~BaseQueueElement] Queue element PushQEl_nms7yolov6n/conv49_70 has 0 frames in his Queue on destruction
[2024-10-06 16:56:53.348] [2837] [HailoRT] [info] [queue_elements.cpp:43] [~BaseQueueElement] Queue element PushQEl_nms4yolov6n/conv57_70 has 0 frames in his Queue on destruction
[2024-10-06 16:56:53.348] [2837] [HailoRT] [info] [queue_elements.cpp:43] [~BaseQueueElement] Queue element PushQEl_nms8yolov6n/conv58_70 has 0 frames in his Queue on destruction
[2024-10-06 16:56:53.349] [2837] [HailoRT] [info] [queue_elements.cpp:43] [~BaseQueueElement] Queue element PushQEl_nms5yolov6n/conv59_70 has 0 frames in his Queue on destruction
[2024-10-14 20:34:21.959] [4168] [HailoRT] [info] [device.cpp:46] [Device] OS Version: Linux 6.6.51+rpt-rpi-2712 #1 SMP PREEMPT Debian 1:6.6.51-1+rpt2 (2024-10-01) aarch64
[2024-10-14 20:34:21.959] [4168] [HailoRT] [info] [control.cpp:100] [control__parse_identify_results] firmware_version is: 4.18.0
[2024-10-14 20:34:21.962] [4168] [HailoRT] [info] [vdevice.cpp:652] [create] VDevice Infos: 0000:01:00.0
[2024-10-14 20:34:22.188] [4168] [HailoRT] [info] [hef.cpp:1844] [get_network_group_and_network_name] No name was given. Addressing all networks of default network_group: yolov6n
[2024-10-14 20:34:22.188] [4168] [HailoRT] [info] [hef.cpp:1844] [get_network_group_and_network_name] No name was given. Addressing all networks of default network_group: yolov6n
